<?xml version="1.0" encoding="UTF-8"?>
<!-- Generated by org.testng.reporters.JUnitReportReporter -->
<testsuite hostname="DESKTOP-CRS23S6" failures="0" tests="1" name="actionsclass.DoubleClick" time="12.121" errors="0" timestamp="2023-01-21T10:35:49 IST" skipped="0">
  <testcase classname="actionsclass.DoubleClick" name="buttondoubleclick" time="12.121"/>
  <system-out/>
</testsuite> <!-- actionsclass.DoubleClick -->
