<?xml version="1.0" encoding="UTF-8"?>
<!-- Generated by org.testng.reporters.JUnitReportReporter -->
<testsuite hostname="DESKTOP-CRS23S6" failures="0" tests="6" name="testing.TestNG_Skip_Ignore_Disabled" time="9.849" errors="0" timestamp="2023-01-04T21:42:36 IST" skipped="2">
  <testcase classname="testing.TestNG_Skip_Ignore_Disabled" name="f" time="0.022"/>
  <system-out/>
  <testcase classname="testing.TestNG_Skip_Ignore_Disabled" name="gmail" time="3.462"/>
  <system-out/>
  <testcase classname="testing.TestNG_Skip_Ignore_Disabled" name="seleniumdev" time="2.610"/>
  <system-out/>
  <testcase classname="testing.TestNG_Skip_Ignore_Disabled" name="facebook" time="3.755"/>
  <system-out/>
  <testcase classname="testing.TestNG_Skip_Ignore_Disabled" name="twitter">
    <skipped/>
  </testcase> <!-- twitter -->
  <system-out/>
  <testcase classname="testing.TestNG_Skip_Ignore_Disabled" name="google">
    <skipped/>
  </testcase> <!-- google -->
  <system-out/>
</testsuite> <!-- testing.TestNG_Skip_Ignore_Disabled -->
