<?xml version="1.0" encoding="UTF-8"?>
<!-- Generated by org.testng.reporters.JUnitReportReporter -->
<testsuite hostname="DESKTOP-CRS23S6" failures="0" tests="1" name="alertwindowhandles.AlertOkButton" time="17.638" errors="0" timestamp="2023-01-20T19:37:48 IST" skipped="0">
  <testcase classname="alertwindowhandles.AlertOkButton" name="alertok" time="17.638"/>
  <system-out/>
</testsuite> <!-- alertwindowhandles.AlertOkButton -->
