<?xml version="1.0" encoding="UTF-8"?>
<!-- Generated by org.testng.reporters.JUnitReportReporter -->
<testsuite hostname="DESKTOP-CRS23S6" failures="0" tests="1" name="actionsclass.RightClick" time="10.481" errors="0" timestamp="2023-01-21T10:06:54 IST" skipped="0">
  <testcase classname="actionsclass.RightClick" name="rightclick" time="10.481"/>
  <system-out/>
</testsuite> <!-- actionsclass.RightClick -->
