<?xml version="1.0" encoding="UTF-8"?>
<!-- Generated by org.testng.reporters.JUnitReportReporter -->
<testsuite hostname="DESKTOP-CRS23S6" failures="0" tests="1" name="advancedfeatures.VerifyLogInErrorMessage" time="11.144" errors="0" timestamp="2023-01-27T01:01:59 IST" skipped="0">
  <testcase classname="advancedfeatures.VerifyLogInErrorMessage" name="verifyseleniumlevelsponserssection" time="11.144"/>
  <system-out/>
</testsuite> <!-- advancedfeatures.VerifyLogInErrorMessage -->
