<?xml version="1.0" encoding="UTF-8"?>
<!-- Generated by org.testng.reporters.JUnitReportReporter -->
<testsuite hostname="DESKTOP-CRS23S6" failures="0" tests="1" name="advancedfeatures.VerifyTabTitle" time="7.658" errors="0" timestamp="2023-01-27T00:51:02 IST" skipped="0">
  <testcase classname="advancedfeatures.VerifyTabTitle" name="verifywebapplicationtabtitle" time="7.658"/>
  <system-out/>
</testsuite> <!-- advancedfeatures.VerifyTabTitle -->
