<?xml version="1.0" encoding="UTF-8"?>
<!-- Generated by org.testng.reporters.JUnitReportReporter -->
<testsuite hostname="DESKTOP-CRS23S6" failures="0" tests="1" name="advancedfeatures.VerifyWebURL" time="7.904" errors="0" timestamp="2023-01-27T00:51:38 IST" skipped="0">
  <testcase classname="advancedfeatures.VerifyWebURL" name="verifyweburl" time="7.904"/>
  <system-out/>
</testsuite> <!-- advancedfeatures.VerifyWebURL -->
