<?xml version="1.0" encoding="UTF-8"?>
<!-- Generated by org.testng.reporters.JUnitReportReporter -->
<testsuite hostname="DESKTOP-CRS23S6" failures="0" tests="1" name="actionsclass.KeyboardActions" time="7.395" errors="0" timestamp="2023-01-21T11:42:26 IST" skipped="0">
  <testcase classname="actionsclass.KeyboardActions" name="rightclick" time="7.395"/>
  <system-out/>
</testsuite> <!-- actionsclass.KeyboardActions -->
