<?xml version="1.0" encoding="UTF-8"?>
<!-- Generated by org.testng.reporters.JUnitReportReporter -->
<testsuite hostname="DESKTOP-CRS23S6" failures="0" tests="1" name="advancedfeatures.DropDownValues" time="10.466" errors="0" timestamp="2023-01-09T00:04:16 IST" skipped="0">
  <testcase classname="advancedfeatures.DropDownValues" name="dropdownselect" time="10.466"/>
  <system-out/>
</testsuite> <!-- advancedfeatures.DropDownValues -->
