<?xml version="1.0" encoding="UTF-8"?>
<!-- Generated by org.testng.reporters.JUnitReportReporter -->
<testsuite hostname="DESKTOP-CRS23S6" failures="0" tests="1" name="actionsclass.DragandDrop" time="11.833" errors="0" timestamp="2023-01-21T11:00:58 IST" skipped="0">
  <testcase classname="actionsclass.DragandDrop" name="dragAndDrop" time="11.833"/>
  <system-out/>
</testsuite> <!-- actionsclass.DragandDrop -->
