<?xml version="1.0" encoding="UTF-8"?>
<!-- Generated by org.testng.reporters.JUnitReportReporter -->
<testsuite hostname="DESKTOP-CRS23S6" failures="0" tests="1" name="testing.TestNG_RegressionSanity" time="5.508" errors="0" timestamp="2023-01-06T22:39:43 IST" skipped="0">
  <testcase classname="testing.TestNG_RegressionSanity" name="redmine" time="5.508"/>
  <system-out/>
</testsuite> <!-- testing.TestNG_RegressionSanity -->
