<?xml version="1.0" encoding="UTF-8"?>
<!-- Generated by org.testng.reporters.JUnitReportReporter -->
<testsuite hostname="DESKTOP-CRS23S6" failures="0" tests="1" name="actionsclass.MouseOver" time="24.216" errors="0" timestamp="2023-01-21T11:26:08 IST" skipped="0">
  <testcase classname="actionsclass.MouseOver" name="mouseOver" time="24.216"/>
  <system-out/>
</testsuite> <!-- actionsclass.MouseOver -->
