<?xml version="1.0" encoding="UTF-8"?>
<!-- Generated by org.testng.reporters.JUnitReportReporter -->
<testsuite hostname="DESKTOP-CRS23S6" failures="0" tests="5" name="testing.TestNG_AlphabeticalOrder" time="18.699" errors="0" timestamp="2023-01-04T21:26:03 IST" skipped="0">
  <testcase classname="testing.TestNG_AlphabeticalOrder" name="seleniumdev" time="2.866"/>
  <system-out/>
  <testcase classname="testing.TestNG_AlphabeticalOrder" name="gmail" time="6.289"/>
  <system-out/>
  <testcase classname="testing.TestNG_AlphabeticalOrder" name="twitter" time="4.460"/>
  <system-out/>
  <testcase classname="testing.TestNG_AlphabeticalOrder" name="facebook" time="3.464"/>
  <system-out/>
  <testcase classname="testing.TestNG_AlphabeticalOrder" name="google" time="1.620"/>
  <system-out/>
</testsuite> <!-- testing.TestNG_AlphabeticalOrder -->
