<?xml version="1.0" encoding="UTF-8"?>
<!-- Generated by org.testng.reporters.JUnitReportReporter -->
<testsuite hostname="DESKTOP-CRS23S6" failures="0" tests="1" name="alertwindowhandles.AlertCancleButton" time="18.170" errors="0" timestamp="2023-01-20T20:20:26 IST" skipped="0">
  <testcase classname="alertwindowhandles.AlertCancleButton" name="alertcancel" time="18.170"/>
  <system-out/>
</testsuite> <!-- alertwindowhandles.AlertCancleButton -->
