<?xml version="1.0" encoding="UTF-8"?>
<!-- Generated by org.testng.reporters.JUnitReportReporter -->
<testsuite hostname="DESKTOP-CRS23S6" failures="0" tests="4" name="testing.TestNG_XML_Include_Exclude" time="66.424" errors="0" timestamp="2023-01-04T21:22:18 IST" skipped="0">
  <testcase classname="testing.TestNG_XML_Include_Exclude" name="rm5" time="18.899"/>
  <system-out/>
  <testcase classname="testing.TestNG_XML_Include_Exclude" name="rm3" time="28.934"/>
  <system-out/>
  <testcase classname="testing.TestNG_XML_Include_Exclude" name="rm2" time="8.614"/>
  <system-out/>
  <testcase classname="testing.TestNG_XML_Include_Exclude" name="rm4" time="9.977"/>
  <system-out/>
</testsuite> <!-- testing.TestNG_XML_Include_Exclude -->
