<?xml version="1.0" encoding="UTF-8"?>
<!-- Generated by org.testng.reporters.JUnitReportReporter -->
<testsuite hostname="DESKTOP-CRS23S6" failures="0" tests="1" name="testing.TestNG_Priority" time="2.274" errors="0" timestamp="2023-01-06T21:33:01 IST" skipped="0">
  <testcase classname="testing.TestNG_Priority" name="google" time="2.274"/>
  <system-out/>
</testsuite> <!-- testing.TestNG_Priority -->
