<?xml version="1.0" encoding="UTF-8"?>
<!-- Generated by org.testng.reporters.JUnitReportReporter -->
<testsuite hostname="DESKTOP-CRS23S6" failures="0" tests="1" name="advancedfeatures.VerifyTextonWebpage" time="10.408" errors="0" timestamp="2023-01-27T00:38:15 IST" skipped="0">
  <testcase classname="advancedfeatures.VerifyTextonWebpage" name="verifyseleniumlevelsponserssection" time="10.408"/>
  <system-out/>
</testsuite> <!-- advancedfeatures.VerifyTextonWebpage -->
